<?xml version="1.0" encoding="UTF-8"?>
<testng-results skipped="0" failed="0" ignored="0" total="4" passed="4">
  <reporter-output>
  </reporter-output>
  <suite name="Suite" duration-ms="5621" started-at="2020-06-21T06:14:38Z" finished-at="2020-06-21T06:14:44Z">
    <groups>
    </groups>
    <test name="Test" duration-ms="5621" started-at="2020-06-21T06:14:38Z" finished-at="2020-06-21T06:14:44Z">
      <class name="com.absa.api.test.DogBreedApiTest">
        <test-method status="PASS" signature="setUp()[pri:0, instance:com.absa.api.test.DogBreedApiTest@2641e737]" name="setUp" is-config="true" duration-ms="35" started-at="2020-06-21T06:14:38Z" finished-at="2020-06-21T06:14:38Z">
          <reporter-output>
          </reporter-output>
        </test-method> <!-- setUp -->
        <test-method status="PASS" signature="getRandomImgOrLinkForGolden()[pri:1, instance:com.absa.api.test.DogBreedApiTest@2641e737]" name="getRandomImgOrLinkForGolden" duration-ms="3724" started-at="2020-06-21T06:14:38Z" finished-at="2020-06-21T06:14:42Z">
          <reporter-output>
          </reporter-output>
        </test-method> <!-- getRandomImgOrLinkForGolden -->
        <test-method status="PASS" signature="getSubBreedListFromRetriver()[pri:2, instance:com.absa.api.test.DogBreedApiTest@2641e737]" name="getSubBreedListFromRetriver" duration-ms="522" started-at="2020-06-21T06:14:42Z" finished-at="2020-06-21T06:14:43Z">
          <reporter-output>
          </reporter-output>
        </test-method> <!-- getSubBreedListFromRetriver -->
        <test-method status="PASS" signature="verifyRetriverInResponsePayload()[pri:3, instance:com.absa.api.test.DogBreedApiTest@2641e737]" name="verifyRetriverInResponsePayload" duration-ms="565" started-at="2020-06-21T06:14:43Z" finished-at="2020-06-21T06:14:43Z">
          <reporter-output>
          </reporter-output>
        </test-method> <!-- verifyRetriverInResponsePayload -->
        <test-method status="PASS" signature="getListOfAllDogBreed()[pri:4, instance:com.absa.api.test.DogBreedApiTest@2641e737]" name="getListOfAllDogBreed" duration-ms="354" started-at="2020-06-21T06:14:43Z" finished-at="2020-06-21T06:14:44Z">
          <reporter-output>
          </reporter-output>
        </test-method> <!-- getListOfAllDogBreed -->
        <test-method status="PASS" signature="reportEnd()[pri:0, instance:com.absa.api.test.DogBreedApiTest@2641e737]" name="reportEnd" is-config="true" duration-ms="355" started-at="2020-06-21T06:14:44Z" finished-at="2020-06-21T06:14:44Z">
          <reporter-output>
          </reporter-output>
        </test-method> <!-- reportEnd -->
      </class> <!-- com.absa.api.test.DogBreedApiTest -->
    </test> <!-- Test -->
  </suite> <!-- Suite -->
</testng-results>
