<?xml version="1.0" encoding="UTF-8"?>
<!-- Generated by org.testng.reporters.JUnitXMLReporter -->
<testsuite hostname="DESKTOP-89EB5EA" ignored="0" name="Default test" tests="4" failures="0" timestamp="21 Jun 2020 02:52:55 GMT" time="7.767" errors="0">
  <testcase name="getRandomImgOrLinkForGolden" time="5.602" classname="com.absa.api.test.DogBreedApiTest"/>
  <testcase name="getSubBreedListFromRetriver" time="0.518" classname="com.absa.api.test.DogBreedApiTest"/>
  <testcase name="verifyRetriverInResponsePayload" time="0.539" classname="com.absa.api.test.DogBreedApiTest"/>
  <testcase name="getListOfAllDogBreed" time="0.534" classname="com.absa.api.test.DogBreedApiTest"/>
</testsuite> <!-- Default test -->
