<?xml version="1.0" encoding="UTF-8"?>
<!-- Generated by org.testng.reporters.JUnitXMLReporter -->
<testsuite hostname="DESKTOP-89EB5EA" ignored="0" name="Test" tests="4" failures="0" timestamp="21 Jun 2020 06:14:44 GMT" time="5.621" errors="0">
  <testcase name="getRandomImgOrLinkForGolden" time="3.724" classname="com.absa.api.test.DogBreedApiTest"/>
  <testcase name="getSubBreedListFromRetriver" time="0.522" classname="com.absa.api.test.DogBreedApiTest"/>
  <testcase name="verifyRetriverInResponsePayload" time="0.565" classname="com.absa.api.test.DogBreedApiTest"/>
  <testcase name="getListOfAllDogBreed" time="0.354" classname="com.absa.api.test.DogBreedApiTest"/>
</testsuite> <!-- Test -->
